<?xml version="1.0" encoding="UTF-8"?>
<testng-results ignored="0" total="1" passed="1" failed="0" skipped="0">
  <reporter-output>
  </reporter-output>
  <suite started-at="2024-01-17T23:30:37 IST" name="Default suite" finished-at="2024-01-17T23:31:00 IST" duration-ms="22766">
    <groups>
    </groups>
    <test started-at="2024-01-17T23:30:37 IST" name="Default test" finished-at="2024-01-17T23:31:00 IST" duration-ms="22766">
      <class name="TestLayer.LoginPageTest">
        <test-method is-config="true" signature="setUp()[pri:0, instance:TestLayer.LoginPageTest@4a7f959b]" started-at="2024-01-17T23:30:37 IST" name="setUp" finished-at="2024-01-17T23:31:00 IST" duration-ms="22692" status="PASS">
          <reporter-output>
          </reporter-output>
        </test-method> <!-- setUp -->
        <test-method signature="validateLoginPage()[pri:0, instance:TestLayer.LoginPageTest@4a7f959b]" started-at="2024-01-17T23:31:00 IST" name="validateLoginPage" finished-at="2024-01-17T23:31:00 IST" duration-ms="15" status="PASS">
          <reporter-output>
          </reporter-output>
        </test-method> <!-- validateLoginPage -->
      </class> <!-- TestLayer.LoginPageTest -->
    </test> <!-- Default test -->
  </suite> <!-- Default suite -->
</testng-results>
